
5/27/20, 5:00:09 PM - ERROR: Download of "https://www.commitaction.com/xmlrpc.php", referenced from "/Users/ADMAN/Desktop/commit action/www.commitaction.com/index.html", failed with error code 405 (method not allowed)
5/27/20, 5:00:10 PM - ERROR: Download of "https://www.commitaction.com/xmlrpc.php", referenced from "/Users/ADMAN/Desktop/commit action/www.commitaction.com/contact/index-doing_wp_cron=1590621516.4228770732879638671875.html", failed with error code 405 (method not allowed)
5/27/20, 5:00:10 PM - ERROR: Download of "https://www.commitaction.com/wp-json/oembed/1.0/embed?url=https:%2F%2Fwww.commitaction.com%2F", referenced from "/Users/ADMAN/Desktop/commit action/www.commitaction.com/index.html", failed with error code 401 (unauthorized)
5/27/20, 5:00:10 PM - ERROR: Download of "https://www.commitaction.com/wp-json/oembed/1.0/embed?url=https:%2F%2Fwww.commitaction.com%2F&format=xml", referenced from "/Users/ADMAN/Desktop/commit action/www.commitaction.com/index.html", failed with error code 401 (unauthorized)
5/27/20, 5:00:11 PM - ERROR: Download of "https://www.commitaction.com/xmlrpc.php", referenced from "/Users/ADMAN/Desktop/commit action/www.commitaction.com/about/index-doing_wp_cron=1590605334.0014050006866455078125.html", failed with error code 405 (method not allowed)
5/27/20, 5:00:11 PM - ERROR: Download of "https://www.commitaction.com/xmlrpc.php", referenced from "/Users/ADMAN/Desktop/commit action/www.commitaction.com/blog/index-doing_wp_cron=1590622853.5623400211334228515625.html", failed with error code 405 (method not allowed)
5/27/20, 5:00:14 PM - ERROR: Download of "https://www.commitaction.com/xmlrpc.php", referenced from "/Users/ADMAN/Desktop/commit action/www.commitaction.com/terms-of-service/index.html", failed with error code 405 (method not allowed)
5/27/20, 5:00:14 PM - ERROR: Download of "https://www.commitaction.com/xmlrpc.php", referenced from "/Users/ADMAN/Desktop/commit action/www.commitaction.com/privacy-policy/index.html", failed with error code 405 (method not allowed)
5/27/20, 5:00:14 PM - ERROR: Download of "https://www.commitaction.com/xmlrpc.php", referenced from "/Users/ADMAN/Desktop/commit action/www.commitaction.com/refund-policy/index.html", failed with error code 405 (method not allowed)
5/27/20, 5:00:15 PM - ERROR: Download of "https://www.commitaction.com/wp-json/oembed/1.0/embed?url=https:%2F%2Fwww.commitaction.com%2Fcontact%2F", referenced from "/Users/ADMAN/Desktop/commit action/www.commitaction.com/contact/index-doing_wp_cron=1590621516.4228770732879638671875.html", failed with error code 401 (unauthorized)
5/27/20, 5:00:16 PM - ERROR: Download of "https://www.commitaction.com/wp-json/oembed/1.0/embed?url=https:%2F%2Fwww.commitaction.com%2Fcontact%2F&format=xml", referenced from "/Users/ADMAN/Desktop/commit action/www.commitaction.com/contact/index-doing_wp_cron=1590621516.4228770732879638671875.html", failed with error code 401 (unauthorized)
5/27/20, 5:00:16 PM - ERROR: Download of "https://www.commitaction.com/wp-json/oembed/1.0/embed?url=https:%2F%2Fwww.commitaction.com%2Fabout%2F", referenced from "/Users/ADMAN/Desktop/commit action/www.commitaction.com/about/index-doing_wp_cron=1590605334.0014050006866455078125.html", failed with error code 401 (unauthorized)
5/27/20, 5:00:16 PM - ERROR: Download of "https://www.commitaction.com/wp-json/oembed/1.0/embed?url=https:%2F%2Fwww.commitaction.com%2Fabout%2F&format=xml", referenced from "/Users/ADMAN/Desktop/commit action/www.commitaction.com/about/index-doing_wp_cron=1590605334.0014050006866455078125.html", failed with error code 401 (unauthorized)
5/27/20, 5:00:20 PM - ERROR: Download of "https://www.commitaction.com/xmlrpc.php", referenced from "/Users/ADMAN/Desktop/commit action/www.commitaction.com/sneak-preview-video-training-vault/index.html", failed with error code 405 (method not allowed)
5/27/20, 5:00:21 PM - ERROR: Download of "https://www.commitaction.com/wp-json/oembed/1.0/embed?url=https:%2F%2Fwww.commitaction.com%2Fblog%2F", referenced from "/Users/ADMAN/Desktop/commit action/www.commitaction.com/blog/index-doing_wp_cron=1590622853.5623400211334228515625.html", failed with error code 401 (unauthorized)
5/27/20, 5:00:21 PM - ERROR: Download of "https://www.commitaction.com/wp-json/oembed/1.0/embed?url=https:%2F%2Fwww.commitaction.com%2Fblog%2F&format=xml", referenced from "/Users/ADMAN/Desktop/commit action/www.commitaction.com/blog/index-doing_wp_cron=1590622853.5623400211334228515625.html", failed with error code 401 (unauthorized)
5/27/20, 5:00:21 PM - ERROR: Download of "https://www.commitaction.com/xmlrpc.php", referenced from "/Users/ADMAN/Desktop/commit action/www.commitaction.com/entrepreneur-break-habits/index.html", failed with error code 405 (method not allowed)
5/27/20, 5:00:21 PM - ERROR: Download of "https://go.commitaction.com", referenced from "/Users/ADMAN/Desktop/commit action/www.commitaction.com/about/index-doing_wp_cron=1590605334.0014050006866455078125.html", failed with error code 403 (forbidden)
5/27/20, 5:00:21 PM - ERROR: Download of "https://www.commitaction.com/xmlrpc.php", referenced from "/Users/ADMAN/Desktop/commit action/www.commitaction.com/covid-19-work-from-home/index.html", failed with error code 405 (method not allowed)
5/27/20, 5:00:21 PM - ERROR: Download of "https://www.commitaction.com/xmlrpc.php", referenced from "/Users/ADMAN/Desktop/commit action/www.commitaction.com/60-second-motivation/index.html", failed with error code 405 (method not allowed)
5/27/20, 5:00:21 PM - ERROR: Download of "https://www.commitaction.com/xmlrpc.php", referenced from "/Users/ADMAN/Desktop/commit action/www.commitaction.com/use-new-year-to-win/index.html", failed with error code 405 (method not allowed)
5/27/20, 5:00:21 PM - ERROR: Download of "https://www.commitaction.com/xmlrpc.php", referenced from "/Users/ADMAN/Desktop/commit action/www.commitaction.com/accountability-coaching/index.html", failed with error code 405 (method not allowed)
5/27/20, 5:00:21 PM - ERROR: Download of "https://www.commitaction.com/xmlrpc.php", referenced from "/Users/ADMAN/Desktop/commit action/www.commitaction.com/hack-measurement/index.html", failed with error code 405 (method not allowed)
5/27/20, 5:00:22 PM - ERROR: Download of "https://www.commitaction.com/xmlrpc.php", referenced from "/Users/ADMAN/Desktop/commit action/www.commitaction.com/new-mega-feature-announcement/index.html", failed with error code 405 (method not allowed)
5/27/20, 5:00:22 PM - ERROR: Download of "https://www.commitaction.com/xmlrpc.php", referenced from "/Users/ADMAN/Desktop/commit action/www.commitaction.com/how-to-stick-to-a-routine/index-doing_wp_cron=1590621723.4778950214385986328125.html", failed with error code 405 (method not allowed)
5/27/20, 5:00:23 PM - ERROR: Download of "https://www.commitaction.com/xmlrpc.php", referenced from "/Users/ADMAN/Desktop/commit action/www.commitaction.com/the-only-way-entrepreneurs-learn-business-success-via-books/index-doing_wp_cron=1590599592.5687129497528076171875.html", failed with error code 405 (method not allowed)
5/27/20, 5:00:23 PM - ERROR: Download of "https://www.commitaction.com/wp-json/oembed/1.0/embed?url=https:%2F%2Fwww.commitaction.com%2Fterms-of-service%2F&format=xml", referenced from "/Users/ADMAN/Desktop/commit action/www.commitaction.com/terms-of-service/index.html", failed with error code 401 (unauthorized)
5/27/20, 5:00:23 PM - ERROR: Download of "https://www.commitaction.com/wp-json/oembed/1.0/embed?url=https:%2F%2Fwww.commitaction.com%2Fterms-of-service%2F", referenced from "/Users/ADMAN/Desktop/commit action/www.commitaction.com/terms-of-service/index.html", failed with error code 401 (unauthorized)
5/27/20, 5:00:24 PM - ERROR: Download of "https://www.commitaction.com/wp-json/oembed/1.0/embed?url=https:%2F%2Fwww.commitaction.com%2Fprivacy-policy%2F", referenced from "/Users/ADMAN/Desktop/commit action/www.commitaction.com/privacy-policy/index.html", failed with error code 401 (unauthorized)
5/27/20, 5:00:24 PM - ERROR: Download of "https://www.commitaction.com/wp-json/oembed/1.0/embed?url=https:%2F%2Fwww.commitaction.com%2Fprivacy-policy%2F&format=xml", referenced from "/Users/ADMAN/Desktop/commit action/www.commitaction.com/privacy-policy/index.html", failed with error code 401 (unauthorized)
5/27/20, 5:00:25 PM - ERROR: Download of "https://www.commitaction.com/wp-json/oembed/1.0/embed?url=https:%2F%2Fwww.commitaction.com%2Frefund-policy%2F", referenced from "/Users/ADMAN/Desktop/commit action/www.commitaction.com/refund-policy/index.html", failed with error code 401 (unauthorized)
5/27/20, 5:00:26 PM - ERROR: Download of "https://www.commitaction.com/wp-json/oembed/1.0/embed?url=https:%2F%2Fwww.commitaction.com%2Frefund-policy%2F&format=xml", referenced from "/Users/ADMAN/Desktop/commit action/www.commitaction.com/refund-policy/index.html", failed with error code 401 (unauthorized)
5/27/20, 5:00:26 PM - ERROR: Download of "https://www.commitaction.com/wp-json/oembed/1.0/embed?url=https:%2F%2Fwww.commitaction.com%2Fsneak-preview-video-training-vault%2F", referenced from "/Users/ADMAN/Desktop/commit action/www.commitaction.com/sneak-preview-video-training-vault/index.html", failed with error code 401 (unauthorized)
5/27/20, 5:00:26 PM - ERROR: Download of "https://www.commitaction.com/wp-json/oembed/1.0/embed?url=https:%2F%2Fwww.commitaction.com%2Fsneak-preview-video-training-vault%2F&format=xml", referenced from "/Users/ADMAN/Desktop/commit action/www.commitaction.com/sneak-preview-video-training-vault/index.html", failed with error code 401 (unauthorized)
5/27/20, 5:00:26 PM - ERROR: Download of "https://www.commitaction.com/wp-json/oembed/1.0/embed?url=https:%2F%2Fwww.commitaction.com%2Fentrepreneur-break-habits%2F", referenced from "/Users/ADMAN/Desktop/commit action/www.commitaction.com/entrepreneur-break-habits/index.html", failed with error code 401 (unauthorized)
5/27/20, 5:00:26 PM - ERROR: Download of "https://www.commitaction.com/xmlrpc.php", referenced from "/Users/ADMAN/Desktop/commit action/www.commitaction.com/brain-hack-to-sustain-passion/index.html", failed with error code 405 (method not allowed)
5/27/20, 5:00:26 PM - ERROR: Download of "https://www.commitaction.com/wp-json/oembed/1.0/embed?url=https:%2F%2Fwww.commitaction.com%2Fentrepreneur-break-habits%2F&format=xml", referenced from "/Users/ADMAN/Desktop/commit action/www.commitaction.com/entrepreneur-break-habits/index.html", failed with error code 401 (unauthorized)
5/27/20, 5:00:27 PM - ERROR: Download of "https://www.commitaction.com/xmlrpc.php", referenced from "/Users/ADMAN/Desktop/commit action/www.commitaction.com/cure-overwhelm/index.html", failed with error code 405 (method not allowed)
5/27/20, 5:00:27 PM - ERROR: Download of "https://www.commitaction.com/wp-json/oembed/1.0/embed?url=https:%2F%2Fwww.commitaction.com%2Fcovid-19-work-from-home%2F", referenced from "/Users/ADMAN/Desktop/commit action/www.commitaction.com/covid-19-work-from-home/index.html", failed with error code 401 (unauthorized)
5/27/20, 5:00:28 PM - ERROR: Download of "https://www.commitaction.com/wp-json/oembed/1.0/embed?url=https:%2F%2Fwww.commitaction.com%2Fcovid-19-work-from-home%2F&format=xml", referenced from "/Users/ADMAN/Desktop/commit action/www.commitaction.com/covid-19-work-from-home/index.html", failed with error code 401 (unauthorized)
5/27/20, 5:00:29 PM - ERROR: Download of "https://www.commitaction.com/wp-json/oembed/1.0/embed?url=https:%2F%2Fwww.commitaction.com%2F60-second-motivation%2F", referenced from "/Users/ADMAN/Desktop/commit action/www.commitaction.com/60-second-motivation/index.html", failed with error code 401 (unauthorized)
5/27/20, 5:00:30 PM - ERROR: Download of "https://www.commitaction.com/wp-json/oembed/1.0/embed?url=https:%2F%2Fwww.commitaction.com%2F60-second-motivation%2F&format=xml", referenced from "/Users/ADMAN/Desktop/commit action/www.commitaction.com/60-second-motivation/index.html", failed with error code 401 (unauthorized)
5/27/20, 5:00:30 PM - ERROR: Download of "https://www.commitaction.com/wp-json/oembed/1.0/embed?url=https:%2F%2Fwww.commitaction.com%2Fuse-new-year-to-win%2F", referenced from "/Users/ADMAN/Desktop/commit action/www.commitaction.com/use-new-year-to-win/index.html", failed with error code 401 (unauthorized)
5/27/20, 5:00:31 PM - ERROR: Download of "https://www.commitaction.com/wp-json/oembed/1.0/embed?url=https:%2F%2Fwww.commitaction.com%2Fuse-new-year-to-win%2F&format=xml", referenced from "/Users/ADMAN/Desktop/commit action/www.commitaction.com/use-new-year-to-win/index.html", failed with error code 401 (unauthorized)
5/27/20, 5:00:32 PM - ERROR: Download of "https://www.commitaction.com/wp-json/oembed/1.0/embed?url=https:%2F%2Fwww.commitaction.com%2Faccountability-coaching%2F", referenced from "/Users/ADMAN/Desktop/commit action/www.commitaction.com/accountability-coaching/index.html", failed with error code 401 (unauthorized)
5/27/20, 5:00:32 PM - ERROR: Download of "https://www.commitaction.com/wp-json/oembed/1.0/embed?url=https:%2F%2Fwww.commitaction.com%2Faccountability-coaching%2F&format=xml", referenced from "/Users/ADMAN/Desktop/commit action/www.commitaction.com/accountability-coaching/index.html", failed with error code 401 (unauthorized)
5/27/20, 5:00:32 PM - ERROR: Download of "https://www.commitaction.com/wp-json/oembed/1.0/embed?url=https:%2F%2Fwww.commitaction.com%2Fhack-measurement%2F", referenced from "/Users/ADMAN/Desktop/commit action/www.commitaction.com/hack-measurement/index.html", failed with error code 401 (unauthorized)
5/27/20, 5:00:33 PM - ERROR: Download of "https://www.commitaction.com/wp-json/oembed/1.0/embed?url=https:%2F%2Fwww.commitaction.com%2Fhack-measurement%2F&format=xml", referenced from "/Users/ADMAN/Desktop/commit action/www.commitaction.com/hack-measurement/index.html", failed with error code 401 (unauthorized)
5/27/20, 5:00:33 PM - ERROR: Download of "https://www.commitaction.com/wp-json/oembed/1.0/embed?url=https:%2F%2Fwww.commitaction.com%2Fnew-mega-feature-announcement%2F&format=xml", referenced from "/Users/ADMAN/Desktop/commit action/www.commitaction.com/new-mega-feature-announcement/index.html", failed with error code 401 (unauthorized)
5/27/20, 5:00:33 PM - ERROR: Download of "https://www.commitaction.com/wp-json/oembed/1.0/embed?url=https:%2F%2Fwww.commitaction.com%2Fnew-mega-feature-announcement%2F", referenced from "/Users/ADMAN/Desktop/commit action/www.commitaction.com/new-mega-feature-announcement/index.html", failed with error code 401 (unauthorized)
5/27/20, 5:00:34 PM - ERROR: Download of "https://www.commitaction.com/wp-json/oembed/1.0/embed?url=https:%2F%2Fwww.commitaction.com%2Fhow-to-stick-to-a-routine%2F", referenced from "/Users/ADMAN/Desktop/commit action/www.commitaction.com/how-to-stick-to-a-routine/index-doing_wp_cron=1590621723.4778950214385986328125.html", failed with error code 401 (unauthorized)
5/27/20, 5:00:34 PM - ERROR: Download of "https://www.commitaction.com/wp-json/oembed/1.0/embed?url=https:%2F%2Fwww.commitaction.com%2Fhow-to-stick-to-a-routine%2F&format=xml", referenced from "/Users/ADMAN/Desktop/commit action/www.commitaction.com/how-to-stick-to-a-routine/index-doing_wp_cron=1590621723.4778950214385986328125.html", failed with error code 401 (unauthorized)
5/27/20, 5:00:35 PM - ERROR: Download of "https://www.commitaction.com/wp-json/oembed/1.0/embed?url=https:%2F%2Fwww.commitaction.com%2Fthe-only-way-entrepreneurs-learn-business-success-via-books%2F", referenced from "/Users/ADMAN/Desktop/commit action/www.commitaction.com/the-only-way-entrepreneurs-learn-business-success-via-books/index-doing_wp_cron=1590599592.5687129497528076171875.html", failed with error code 401 (unauthorized)
5/27/20, 5:00:35 PM - ERROR: Download of "https://www.commitaction.com/wp-json/oembed/1.0/embed?url=https:%2F%2Fwww.commitaction.com%2Fthe-only-way-entrepreneurs-learn-business-success-via-books%2F&format=xml", referenced from "/Users/ADMAN/Desktop/commit action/www.commitaction.com/the-only-way-entrepreneurs-learn-business-success-via-books/index-doing_wp_cron=1590599592.5687129497528076171875.html", failed with error code 401 (unauthorized)
5/27/20, 5:00:35 PM - ERROR: Download of "https://www.commitaction.com/wp-json/oembed/1.0/embed?url=https:%2F%2Fwww.commitaction.com%2Fbrain-hack-to-sustain-passion%2F&format=xml", referenced from "/Users/ADMAN/Desktop/commit action/www.commitaction.com/brain-hack-to-sustain-passion/index.html", failed with error code 401 (unauthorized)
5/27/20, 5:00:35 PM - ERROR: Download of "https://www.commitaction.com/wp-json/oembed/1.0/embed?url=https:%2F%2Fwww.commitaction.com%2Fbrain-hack-to-sustain-passion%2F", referenced from "/Users/ADMAN/Desktop/commit action/www.commitaction.com/brain-hack-to-sustain-passion/index.html", failed with error code 401 (unauthorized)
5/27/20, 5:00:36 PM - ERROR: Download of "https://www.commitaction.com/wp-json/oembed/1.0/embed?url=https:%2F%2Fwww.commitaction.com%2Fcure-overwhelm%2F&format=xml", referenced from "/Users/ADMAN/Desktop/commit action/www.commitaction.com/cure-overwhelm/index.html", failed with error code 401 (unauthorized)
5/27/20, 5:00:36 PM - ERROR: Download of "https://www.commitaction.com/wp-json/oembed/1.0/embed?url=https:%2F%2Fwww.commitaction.com%2Fcure-overwhelm%2F", referenced from "/Users/ADMAN/Desktop/commit action/www.commitaction.com/cure-overwhelm/index.html", failed with error code 401 (unauthorized)

---------------------
